# JRE version: OpenJDK Runtime Environment (8.0_282-b08) (build 1.8.0_282-b08)
# Java VM: OpenJDK 64-Bit Server VM (25.282-b08 mixed mode windows-amd64 compressed oops)
Heap:
 PSYoungGen      total 145920K, used 87387K [0x00000000f5580000, 0x00000000fff00000, 0x0000000100000000)
  eden space 120320K, 59% used [0x00000000f5580000,0x00000000f9b63898,0x00000000fcb00000)
  from space 25600K, 61% used [0x00000000fcb00000,0x00000000fda73458,0x00000000fe400000)
  to   space 25088K, 0% used [0x00000000fe680000,0x00000000fe680000,0x00000000fff00000)
 ParOldGen       total 247808K, used 93709K [0x00000000e0000000, 0x00000000ef200000, 0x00000000f5580000)
  object space 247808K, 37% used [0x00000000e0000000,0x00000000e5b83410,0x00000000ef200000)
 Metaspace       used 95225K, capacity 102400K, committed 102784K, reserved 1138688K
  class space    used 12644K, capacity 14110K, committed 14208K, reserved 1048576K
GC Heap History (10 events):
Event: 5648.907 GC heap before
{Heap before GC invocations=25 (full 3):
 PSYoungGen      total 129024K, used 37447K [0x00000000f5580000, 0x00000000ffb00000, 0x0000000100000000)
  eden space 114176K, 20% used [0x00000000f5580000,0x00000000f6bed808,0x00000000fc500000)
  from space 14848K, 97% used [0x00000000fc780000,0x00000000fd5a46d8,0x00000000fd600000)
  to   space 27648K, 0% used [0x00000000fe000000,0x00000000fe000000,0x00000000ffb00000)
 ParOldGen       total 199168K, used 121005K [0x00000000e0000000, 0x00000000ec280000, 0x00000000f5580000)
  object space 199168K, 60% used [0x00000000e0000000,0x00000000e762b538,0x00000000ec280000)
 Metaspace       used 91203K, capacity 98350K, committed 98560K, reserved 1134592K
  class space    used 12318K, capacity 13829K, committed 13952K, reserved 1048576K
Event: 5649.187 GC heap after
Heap after GC invocations=25 (full 3):
 PSYoungGen      total 142848K, used 14838K [0x00000000f5580000, 0x0000000100000000, 0x0000000100000000)
  eden space 115200K, 0% used [0x00000000f5580000,0x00000000f5580000,0x00000000fc600000)
  from space 27648K, 53% used [0x00000000fe000000,0x00000000fee7da80,0x00000000ffb00000)
  to   space 26624K, 0% used [0x00000000fc600000,0x00000000fc600000,0x00000000fe000000)
 ParOldGen       total 199168K, used 121013K [0x00000000e0000000, 0x00000000ec280000, 0x00000000f5580000)
  object space 199168K, 60% used [0x00000000e0000000,0x00000000e762d538,0x00000000ec280000)
 Metaspace       used 91203K, capacity 98350K, committed 98560K, reserved 1134592K
  class space    used 12318K, capacity 13829K, committed 13952K, reserved 1048576K
}
Event: 5649.187 GC heap before
{Heap before GC invocations=26 (full 4):
 PSYoungGen      total 142848K, used 14838K [0x00000000f5580000, 0x0000000100000000, 0x0000000100000000)
  eden space 115200K, 0% used [0x00000000f5580000,0x00000000f5580000,0x00000000fc600000)
  from space 27648K, 53% used [0x00000000fe000000,0x00000000fee7da80,0x00000000ffb00000)
  to   space 26624K, 0% used [0x00000000fc600000,0x00000000fc600000,0x00000000fe000000)
 ParOldGen       total 199168K, used 121013K [0x00000000e0000000, 0x00000000ec280000, 0x00000000f5580000)
  object space 199168K, 60% used [0x00000000e0000000,0x00000000e762d538,0x00000000ec280000)
 Metaspace       used 91203K, capacity 98350K, committed 98560K, reserved 1134592K
  class space    used 12318K, capacity 13829K, committed 13952K, reserved 1048576K
Event: 5651.846 GC heap after
Heap after GC invocations=26 (full 4):
 PSYoungGen      total 142848K, used 0K [0x00000000f5580000, 0x0000000100000000, 0x0000000100000000)
  eden space 115200K, 0% used [0x00000000f5580000,0x00000000f5580000,0x00000000fc600000)
  from space 27648K, 0% used [0x00000000fe000000,0x00000000fe000000,0x00000000ffb00000)
  to   space 26624K, 0% used [0x00000000fc600000,0x00000000fc600000,0x00000000fe000000)
 ParOldGen       total 247808K, used 65694K [0x00000000e0000000, 0x00000000ef200000, 0x00000000f5580000)
  object space 247808K, 26% used [0x00000000e0000000,0x00000000e4027890,0x00000000ef200000)
 Metaspace       used 90587K, capacity 97212K, committed 98560K, reserved 1134592K
  class space    used 12145K, capacity 13499K, committed 13952K, reserved 1048576K
}
Event: 5656.347 GC heap before
{Heap before GC invocations=27 (full 4):
 PSYoungGen      total 142848K, used 115200K [0x00000000f5580000, 0x0000000100000000, 0x0000000100000000)
  eden space 115200K, 100% used [0x00000000f5580000,0x00000000fc600000,0x00000000fc600000)
  from space 27648K, 0% used [0x00000000fe000000,0x00000000fe000000,0x00000000ffb00000)
  to   space 26624K, 0% used [0x00000000fc600000,0x00000000fc600000,0x00000000fe000000)
 ParOldGen       total 247808K, used 65694K [0x00000000e0000000, 0x00000000ef200000, 0x00000000f5580000)
  object space 247808K, 26% used [0x00000000e0000000,0x00000000e4027890,0x00000000ef200000)
 Metaspace       used 91468K, capacity 98424K, committed 99584K, reserved 1134592K
  class space    used 12273K, capacity 13683K, committed 13952K, reserved 1048576K
Event: 5656.413 GC heap after
Heap after GC invocations=27 (full 4):
 PSYoungGen      total 141824K, used 13257K [0x00000000f5580000, 0x00000000ffd00000, 0x0000000100000000)
  eden space 115200K, 0% used [0x00000000f5580000,0x00000000f5580000,0x00000000fc600000)
  from space 26624K, 49% used [0x00000000fc600000,0x00000000fd2f27a0,0x00000000fe000000)
  to   space 25600K, 0% used [0x00000000fe400000,0x00000000fe400000,0x00000000ffd00000)
 ParOldGen       total 247808K, used 65702K [0x00000000e0000000, 0x00000000ef200000, 0x00000000f5580000)
  object space 247808K, 26% used [0x00000000e0000000,0x00000000e4029890,0x00000000ef200000)
 Metaspace       used 91468K, capacity 98424K, committed 99584K, reserved 1134592K
  class space    used 12273K, capacity 13683K, committed 13952K, reserved 1048576K
}
Event: 5660.602 GC heap before
{Heap before GC invocations=28 (full 4):
 PSYoungGen      total 141824K, used 128457K [0x00000000f5580000, 0x00000000ffd00000, 0x0000000100000000)
  eden space 115200K, 100% used [0x00000000f5580000,0x00000000fc600000,0x00000000fc600000)
  from space 26624K, 49% used [0x00000000fc600000,0x00000000fd2f27a0,0x00000000fe000000)
  to   space 25600K, 0% used [0x00000000fe400000,0x00000000fe400000,0x00000000ffd00000)
 ParOldGen       total 247808K, used 65702K [0x00000000e0000000, 0x00000000ef200000, 0x00000000f5580000)
  object space 247808K, 26% used [0x00000000e0000000,0x00000000e4029890,0x00000000ef200000)
 Metaspace       used 93171K, capacity 100144K, committed 100864K, reserved 1136640K
  class space    used 12442K, capacity 13846K, committed 14080K, reserved 1048576K
Event: 5660.813 GC heap after
Heap after GC invocations=28 (full 4):
 PSYoungGen      total 145920K, used 17023K [0x00000000f5580000, 0x00000000fff00000, 0x0000000100000000)
  eden space 120320K, 0% used [0x00000000f5580000,0x00000000f5580000,0x00000000fcb00000)
  from space 25600K, 66% used [0x00000000fe400000,0x00000000ff49ff28,0x00000000ffd00000)
  to   space 25600K, 0% used [0x00000000fcb00000,0x00000000fcb00000,0x00000000fe400000)
 ParOldGen       total 247808K, used 78197K [0x00000000e0000000, 0x00000000ef200000, 0x00000000f5580000)
  object space 247808K, 31% used [0x00000000e0000000,0x00000000e4c5d450,0x00000000ef200000)
 Metaspace       used 93171K, capacity 100144K, committed 100864K, reserved 1136640K
  class space    used 12442K, capacity 13846K, committed 14080K, reserved 1048576K
}
Event: 5669.339 GC heap before
{Heap before GC invocations=29 (full 4):
 PSYoungGen      total 145920K, used 137343K [0x00000000f5580000, 0x00000000fff00000, 0x0000000100000000)
  eden space 120320K, 100% used [0x00000000f5580000,0x00000000fcb00000,0x00000000fcb00000)
  from space 25600K, 66% used [0x00000000fe400000,0x00000000ff49ff28,0x00000000ffd00000)
  to   space 25600K, 0% used [0x00000000fcb00000,0x00000000fcb00000,0x00000000fe400000)
 ParOldGen       total 247808K, used 78197K [0x00000000e0000000, 0x00000000ef200000, 0x00000000f5580000)
  object space 247808K, 31% used [0x00000000e0000000,0x00000000e4c5d450,0x00000000ef200000)
 Metaspace       used 94774K, capacity 101976K, committed 102272K, reserved 1136640K
  class space    used 12615K, capacity 14094K, committed 14208K, reserved 1048576K
Event: 5669.557 GC heap after
Heap after GC invocations=29 (full 4):
 PSYoungGen      total 145920K, used 15821K [0x00000000f5580000, 0x00000000fff00000, 0x0000000100000000)
  eden space 120320K, 0% used [0x00000000f5580000,0x00000000f5580000,0x00000000fcb00000)
  from space 25600K, 61% used [0x00000000fcb00000,0x00000000fda73458,0x00000000fe400000)
  to   space 25088K, 0% used [0x00000000fe680000,0x00000000fe680000,0x00000000fff00000)
 ParOldGen       total 247808K, used 93709K [0x00000000e0000000, 0x00000000ef200000, 0x00000000f5580000)
  object space 247808K, 37% used [0x00000000e0000000,0x00000000e5b83410,0x00000000ef200000)
 Metaspace       used 94774K, capacity 101976K, committed 102272K, reserved 1136640K
  class space    used 12615K, capacity 14094K, committed 14208K, reserved 1048576K
}

