# JRE version: OpenJDK Runtime Environment (8.0_282-b08) (build 1.8.0_282-b08)
# Java VM: OpenJDK 64-Bit Server VM (25.282-b08 mixed mode windows-amd64 compressed oops)
Heap:
 PSYoungGen      total 75264K, used 28621K [0x00000000eaf00000, 0x00000000f2500000, 0x0000000100000000)
  eden space 59904K, 47% used [0x00000000eaf00000,0x00000000ecaf35b0,0x00000000ee980000)
  from space 15360K, 0% used [0x00000000ef980000,0x00000000ef980000,0x00000000f0880000)
  to   space 16384K, 0% used [0x00000000ee980000,0x00000000ee980000,0x00000000ef980000)
 ParOldGen       total 73728K, used 22955K [0x00000000c0c00000, 0x00000000c5400000, 0x00000000eaf00000)
  object space 73728K, 31% used [0x00000000c0c00000,0x00000000c226adb8,0x00000000c5400000)
 Metaspace       used 39670K, capacity 40334K, committed 40624K, reserved 1085440K
  class space    used 5046K, capacity 5221K, committed 5296K, reserved 1048576K
GC Heap History (10 events):
Event: 4.180 GC heap before
{Heap before GC invocations=6 (full 1):
 PSYoungGen      total 35328K, used 2528K [0x00000000eaf00000, 0x00000000f0600000, 0x0000000100000000)
  eden space 32768K, 0% used [0x00000000eaf00000,0x00000000eaf00000,0x00000000ecf00000)
  from space 2560K, 98% used [0x00000000ecf00000,0x00000000ed178030,0x00000000ed180000)
  to   space 11776K, 0% used [0x00000000efa80000,0x00000000efa80000,0x00000000f0600000)
 ParOldGen       total 44032K, used 20238K [0x00000000c0c00000, 0x00000000c3700000, 0x00000000eaf00000)
  object space 44032K, 45% used [0x00000000c0c00000,0x00000000c1fc3998,0x00000000c3700000)
 Metaspace       used 20766K, capacity 21118K, committed 21296K, reserved 1069056K
  class space    used 2435K, capacity 2571K, committed 2608K, reserved 1048576K
Event: 4.285 GC heap after
Heap after GC invocations=6 (full 1):
 PSYoungGen      total 35328K, used 0K [0x00000000eaf00000, 0x00000000f0600000, 0x0000000100000000)
  eden space 32768K, 0% used [0x00000000eaf00000,0x00000000eaf00000,0x00000000ecf00000)
  from space 2560K, 0% used [0x00000000ecf00000,0x00000000ecf00000,0x00000000ed180000)
  to   space 11776K, 0% used [0x00000000efa80000,0x00000000efa80000,0x00000000f0600000)
 ParOldGen       total 50176K, used 14427K [0x00000000c0c00000, 0x00000000c3d00000, 0x00000000eaf00000)
  object space 50176K, 28% used [0x00000000c0c00000,0x00000000c1a16fd8,0x00000000c3d00000)
 Metaspace       used 20766K, capacity 21118K, committed 21296K, reserved 1069056K
  class space    used 2435K, capacity 2571K, committed 2608K, reserved 1048576K
}
Event: 7.951 GC heap before
{Heap before GC invocations=7 (full 1):
 PSYoungGen      total 35328K, used 32768K [0x00000000eaf00000, 0x00000000f0600000, 0x0000000100000000)
  eden space 32768K, 100% used [0x00000000eaf00000,0x00000000ecf00000,0x00000000ecf00000)
  from space 2560K, 0% used [0x00000000ecf00000,0x00000000ecf00000,0x00000000ed180000)
  to   space 11776K, 0% used [0x00000000efa80000,0x00000000efa80000,0x00000000f0600000)
 ParOldGen       total 50176K, used 14427K [0x00000000c0c00000, 0x00000000c3d00000, 0x00000000eaf00000)
  object space 50176K, 28% used [0x00000000c0c00000,0x00000000c1a16fd8,0x00000000c3d00000)
 Metaspace       used 25037K, capacity 25526K, committed 25776K, reserved 1071104K
  class space    used 3265K, capacity 3433K, committed 3504K, reserved 1048576K
Event: 7.966 GC heap after
Heap after GC invocations=7 (full 1):
 PSYoungGen      total 51712K, used 7622K [0x00000000eaf00000, 0x00000000f0200000, 0x0000000100000000)
  eden space 44032K, 0% used [0x00000000eaf00000,0x00000000eaf00000,0x00000000eda00000)
  from space 7680K, 99% used [0x00000000efa80000,0x00000000f01f19c8,0x00000000f0200000)
  to   space 11776K, 0% used [0x00000000eeb00000,0x00000000eeb00000,0x00000000ef680000)
 ParOldGen       total 50176K, used 14435K [0x00000000c0c00000, 0x00000000c3d00000, 0x00000000eaf00000)
  object space 50176K, 28% used [0x00000000c0c00000,0x00000000c1a18fd8,0x00000000c3d00000)
 Metaspace       used 25037K, capacity 25526K, committed 25776K, reserved 1071104K
  class space    used 3265K, capacity 3433K, committed 3504K, reserved 1048576K
}
Event: 9.943 GC heap before
{Heap before GC invocations=8 (full 1):
 PSYoungGen      total 51712K, used 51654K [0x00000000eaf00000, 0x00000000f0200000, 0x0000000100000000)
  eden space 44032K, 100% used [0x00000000eaf00000,0x00000000eda00000,0x00000000eda00000)
  from space 7680K, 99% used [0x00000000efa80000,0x00000000f01f19c8,0x00000000f0200000)
  to   space 11776K, 0% used [0x00000000eeb00000,0x00000000eeb00000,0x00000000ef680000)
 ParOldGen       total 50176K, used 14435K [0x00000000c0c00000, 0x00000000c3d00000, 0x00000000eaf00000)
  object space 50176K, 28% used [0x00000000c0c00000,0x00000000c1a18fd8,0x00000000c3d00000)
 Metaspace       used 32561K, capacity 33136K, committed 33456K, reserved 1079296K
  class space    used 4293K, capacity 4468K, committed 4528K, reserved 1048576K
Event: 9.986 GC heap after
Heap after GC invocations=8 (full 1):
 PSYoungGen      total 72704K, used 11773K [0x00000000eaf00000, 0x00000000f0880000, 0x0000000100000000)
  eden space 60928K, 0% used [0x00000000eaf00000,0x00000000eaf00000,0x00000000eea80000)
  from space 11776K, 99% used [0x00000000eeb00000,0x00000000ef67f658,0x00000000ef680000)
  to   space 15360K, 0% used [0x00000000ef980000,0x00000000ef980000,0x00000000f0880000)
 ParOldGen       total 50176K, used 18662K [0x00000000c0c00000, 0x00000000c3d00000, 0x00000000eaf00000)
  object space 50176K, 37% used [0x00000000c0c00000,0x00000000c1e39bc8,0x00000000c3d00000)
 Metaspace       used 32561K, capacity 33136K, committed 33456K, reserved 1079296K
  class space    used 4293K, capacity 4468K, committed 4528K, reserved 1048576K
}
Event: 10.525 GC heap before
{Heap before GC invocations=9 (full 1):
 PSYoungGen      total 72704K, used 25966K [0x00000000eaf00000, 0x00000000f0880000, 0x0000000100000000)
  eden space 60928K, 23% used [0x00000000eaf00000,0x00000000ebcdc450,0x00000000eea80000)
  from space 11776K, 99% used [0x00000000eeb00000,0x00000000ef67f658,0x00000000ef680000)
  to   space 15360K, 0% used [0x00000000ef980000,0x00000000ef980000,0x00000000f0880000)
 ParOldGen       total 50176K, used 18662K [0x00000000c0c00000, 0x00000000c3d00000, 0x00000000eaf00000)
  object space 50176K, 37% used [0x00000000c0c00000,0x00000000c1e39bc8,0x00000000c3d00000)
 Metaspace       used 34688K, capacity 35228K, committed 35496K, reserved 1081344K
  class space    used 4479K, capacity 4630K, committed 4656K, reserved 1048576K
Event: 10.544 GC heap after
Heap after GC invocations=9 (full 1):
 PSYoungGen      total 75264K, used 11549K [0x00000000eaf00000, 0x00000000f2500000, 0x0000000100000000)
  eden space 59904K, 0% used [0x00000000eaf00000,0x00000000eaf00000,0x00000000ee980000)
  from space 15360K, 75% used [0x00000000ef980000,0x00000000f04c7610,0x00000000f0880000)
  to   space 16384K, 0% used [0x00000000ee980000,0x00000000ee980000,0x00000000ef980000)
 ParOldGen       total 50176K, used 18670K [0x00000000c0c00000, 0x00000000c3d00000, 0x00000000eaf00000)
  object space 50176K, 37% used [0x00000000c0c00000,0x00000000c1e3bbc8,0x00000000c3d00000)
 Metaspace       used 34688K, capacity 35228K, committed 35496K, reserved 1081344K
  class space    used 4479K, capacity 4630K, committed 4656K, reserved 1048576K
}
Event: 10.544 GC heap before
{Heap before GC invocations=10 (full 2):
 PSYoungGen      total 75264K, used 11549K [0x00000000eaf00000, 0x00000000f2500000, 0x0000000100000000)
  eden space 59904K, 0% used [0x00000000eaf00000,0x00000000eaf00000,0x00000000ee980000)
  from space 15360K, 75% used [0x00000000ef980000,0x00000000f04c7610,0x00000000f0880000)
  to   space 16384K, 0% used [0x00000000ee980000,0x00000000ee980000,0x00000000ef980000)
 ParOldGen       total 50176K, used 18670K [0x00000000c0c00000, 0x00000000c3d00000, 0x00000000eaf00000)
  object space 50176K, 37% used [0x00000000c0c00000,0x00000000c1e3bbc8,0x00000000c3d00000)
 Metaspace       used 34688K, capacity 35228K, committed 35496K, reserved 1081344K
  class space    used 4479K, capacity 4630K, committed 4656K, reserved 1048576K
Event: 10.684 GC heap after
Heap after GC invocations=10 (full 2):
 PSYoungGen      total 75264K, used 0K [0x00000000eaf00000, 0x00000000f2500000, 0x0000000100000000)
  eden space 59904K, 0% used [0x00000000eaf00000,0x00000000eaf00000,0x00000000ee980000)
  from space 15360K, 0% used [0x00000000ef980000,0x00000000ef980000,0x00000000f0880000)
  to   space 16384K, 0% used [0x00000000ee980000,0x00000000ee980000,0x00000000ef980000)
 ParOldGen       total 73728K, used 22955K [0x00000000c0c00000, 0x00000000c5400000, 0x00000000eaf00000)
  object space 73728K, 31% used [0x00000000c0c00000,0x00000000c226adb8,0x00000000c5400000)
 Metaspace       used 34688K, capacity 35228K, committed 35496K, reserved 1081344K
  class space    used 4479K, capacity 4630K, committed 4656K, reserved 1048576K
}

