# JRE version: OpenJDK Runtime Environment (8.0_282-b08) (build 1.8.0_282-b08)
# Java VM: OpenJDK 64-Bit Server VM (25.282-b08 mixed mode windows-amd64 compressed oops)
Heap:
 PSYoungGen      total 131072K, used 84355K [0x00000000f5580000, 0x0000000100000000, 0x0000000100000000)
  eden space 100864K, 53% used [0x00000000f5580000,0x00000000f8a9c0c0,0x00000000fb800000)
  from space 30208K, 99% used [0x00000000fb800000,0x00000000fd544c50,0x00000000fd580000)
  to   space 39424K, 0% used [0x00000000fd980000,0x00000000fd980000,0x0000000100000000)
 ParOldGen       total 210944K, used 99715K [0x00000000e0000000, 0x00000000ece00000, 0x00000000f5580000)
  object space 210944K, 47% used [0x00000000e0000000,0x00000000e6160ec8,0x00000000ece00000)
 Metaspace       used 99275K, capacity 106676K, committed 106904K, reserved 1140736K
  class space    used 13182K, capacity 14705K, committed 14744K, reserved 1048576K
GC Heap History (10 events):
Event: 208.031 GC heap before
{Heap before GC invocations=27 (full 4):
 PSYoungGen      total 140288K, used 109568K [0x00000000f5580000, 0x00000000ffc80000, 0x0000000100000000)
  eden space 109568K, 100% used [0x00000000f5580000,0x00000000fc080000,0x00000000fc080000)
  from space 30720K, 0% used [0x00000000fde80000,0x00000000fde80000,0x00000000ffc80000)
  to   space 30720K, 0% used [0x00000000fc080000,0x00000000fc080000,0x00000000fde80000)
 ParOldGen       total 210944K, used 99675K [0x00000000e0000000, 0x00000000ece00000, 0x00000000f5580000)
  object space 210944K, 47% used [0x00000000e0000000,0x00000000e6156ec8,0x00000000ece00000)
 Metaspace       used 93759K, capacity 100836K, committed 101016K, reserved 1136640K
  class space    used 12604K, capacity 14105K, committed 14232K, reserved 1048576K
Event: 208.098 GC heap after
Heap after GC invocations=27 (full 4):
 PSYoungGen      total 140288K, used 21655K [0x00000000f5580000, 0x0000000100000000, 0x0000000100000000)
  eden space 109568K, 0% used [0x00000000f5580000,0x00000000f5580000,0x00000000fc080000)
  from space 30720K, 70% used [0x00000000fc080000,0x00000000fd5a5c50,0x00000000fde80000)
  to   space 31744K, 0% used [0x00000000fe100000,0x00000000fe100000,0x0000000100000000)
 ParOldGen       total 210944K, used 99683K [0x00000000e0000000, 0x00000000ece00000, 0x00000000f5580000)
  object space 210944K, 47% used [0x00000000e0000000,0x00000000e6158ec8,0x00000000ece00000)
 Metaspace       used 93759K, capacity 100836K, committed 101016K, reserved 1136640K
  class space    used 12604K, capacity 14105K, committed 14232K, reserved 1048576K
}
Event: 211.438 GC heap before
{Heap before GC invocations=28 (full 4):
 PSYoungGen      total 140288K, used 131223K [0x00000000f5580000, 0x0000000100000000, 0x0000000100000000)
  eden space 109568K, 100% used [0x00000000f5580000,0x00000000fc080000,0x00000000fc080000)
  from space 30720K, 70% used [0x00000000fc080000,0x00000000fd5a5c50,0x00000000fde80000)
  to   space 31744K, 0% used [0x00000000fe100000,0x00000000fe100000,0x0000000100000000)
 ParOldGen       total 210944K, used 99683K [0x00000000e0000000, 0x00000000ece00000, 0x00000000f5580000)
  object space 210944K, 47% used [0x00000000e0000000,0x00000000e6158ec8,0x00000000ece00000)
 Metaspace       used 94372K, capacity 101600K, committed 101784K, reserved 1136640K
  class space    used 12635K, capacity 14125K, committed 14232K, reserved 1048576K
Event: 211.491 GC heap after
Heap after GC invocations=28 (full 4):
 PSYoungGen      total 142848K, used 18853K [0x00000000f5580000, 0x0000000100000000, 0x0000000100000000)
  eden space 111104K, 0% used [0x00000000f5580000,0x00000000f5580000,0x00000000fc200000)
  from space 31744K, 59% used [0x00000000fe100000,0x00000000ff369500,0x0000000100000000)
  to   space 31744K, 0% used [0x00000000fc200000,0x00000000fc200000,0x00000000fe100000)
 ParOldGen       total 210944K, used 99691K [0x00000000e0000000, 0x00000000ece00000, 0x00000000f5580000)
  object space 210944K, 47% used [0x00000000e0000000,0x00000000e615aec8,0x00000000ece00000)
 Metaspace       used 94372K, capacity 101600K, committed 101784K, reserved 1136640K
  class space    used 12635K, capacity 14125K, committed 14232K, reserved 1048576K
}
Event: 216.864 GC heap before
{Heap before GC invocations=29 (full 4):
 PSYoungGen      total 142848K, used 129957K [0x00000000f5580000, 0x0000000100000000, 0x0000000100000000)
  eden space 111104K, 100% used [0x00000000f5580000,0x00000000fc200000,0x00000000fc200000)
  from space 31744K, 59% used [0x00000000fe100000,0x00000000ff369500,0x0000000100000000)
  to   space 31744K, 0% used [0x00000000fc200000,0x00000000fc200000,0x00000000fe100000)
 ParOldGen       total 210944K, used 99691K [0x00000000e0000000, 0x00000000ece00000, 0x00000000f5580000)
  object space 210944K, 47% used [0x00000000e0000000,0x00000000e615aec8,0x00000000ece00000)
 Metaspace       used 95138K, capacity 102322K, committed 102552K, reserved 1138688K
  class space    used 12659K, capacity 14128K, committed 14232K, reserved 1048576K
Event: 216.966 GC heap after
Heap after GC invocations=29 (full 4):
 PSYoungGen      total 139264K, used 27908K [0x00000000f5580000, 0x0000000100000000, 0x0000000100000000)
  eden space 111104K, 0% used [0x00000000f5580000,0x00000000f5580000,0x00000000fc200000)
  from space 28160K, 99% used [0x00000000fc200000,0x00000000fdd410c0,0x00000000fdd80000)
  to   space 34816K, 0% used [0x00000000fde00000,0x00000000fde00000,0x0000000100000000)
 ParOldGen       total 210944K, used 99699K [0x00000000e0000000, 0x00000000ece00000, 0x00000000f5580000)
  object space 210944K, 47% used [0x00000000e0000000,0x00000000e615cec8,0x00000000ece00000)
 Metaspace       used 95138K, capacity 102322K, committed 102552K, reserved 1138688K
  class space    used 12659K, capacity 14128K, committed 14232K, reserved 1048576K
}
Event: 220.173 GC heap before
{Heap before GC invocations=30 (full 4):
 PSYoungGen      total 139264K, used 139012K [0x00000000f5580000, 0x0000000100000000, 0x0000000100000000)
  eden space 111104K, 100% used [0x00000000f5580000,0x00000000fc200000,0x00000000fc200000)
  from space 28160K, 99% used [0x00000000fc200000,0x00000000fdd410c0,0x00000000fdd80000)
  to   space 34816K, 0% used [0x00000000fde00000,0x00000000fde00000,0x0000000100000000)
 ParOldGen       total 210944K, used 99699K [0x00000000e0000000, 0x00000000ece00000, 0x00000000f5580000)
  object space 210944K, 47% used [0x00000000e0000000,0x00000000e615cec8,0x00000000ece00000)
 Metaspace       used 98018K, capacity 105282K, committed 105496K, reserved 1140736K
  class space    used 13024K, capacity 14500K, committed 14616K, reserved 1048576K
Event: 220.229 GC heap after
Heap after GC invocations=30 (full 4):
 PSYoungGen      total 135680K, used 27637K [0x00000000f5580000, 0x0000000100000000, 0x0000000100000000)
  eden space 100864K, 0% used [0x00000000f5580000,0x00000000f5580000,0x00000000fb800000)
  from space 34816K, 79% used [0x00000000fde00000,0x00000000ff8fd790,0x0000000100000000)
  to   space 36864K, 0% used [0x00000000fb800000,0x00000000fb800000,0x00000000fdc00000)
 ParOldGen       total 210944K, used 99707K [0x00000000e0000000, 0x00000000ece00000, 0x00000000f5580000)
  object space 210944K, 47% used [0x00000000e0000000,0x00000000e615eec8,0x00000000ece00000)
 Metaspace       used 98018K, capacity 105282K, committed 105496K, reserved 1140736K
  class space    used 13024K, capacity 14500K, committed 14616K, reserved 1048576K
}
Event: 618.420 GC heap before
{Heap before GC invocations=31 (full 4):
 PSYoungGen      total 135680K, used 128501K [0x00000000f5580000, 0x0000000100000000, 0x0000000100000000)
  eden space 100864K, 100% used [0x00000000f5580000,0x00000000fb800000,0x00000000fb800000)
  from space 34816K, 79% used [0x00000000fde00000,0x00000000ff8fd790,0x0000000100000000)
  to   space 36864K, 0% used [0x00000000fb800000,0x00000000fb800000,0x00000000fdc00000)
 ParOldGen       total 210944K, used 99707K [0x00000000e0000000, 0x00000000ece00000, 0x00000000f5580000)
  object space 210944K, 47% used [0x00000000e0000000,0x00000000e615eec8,0x00000000ece00000)
 Metaspace       used 99157K, capacity 106526K, committed 106648K, reserved 1140736K
  class space    used 13179K, capacity 14702K, committed 14744K, reserved 1048576K
Event: 618.535 GC heap after
Heap after GC invocations=31 (full 4):
 PSYoungGen      total 131072K, used 29971K [0x00000000f5580000, 0x0000000100000000, 0x0000000100000000)
  eden space 100864K, 0% used [0x00000000f5580000,0x00000000f5580000,0x00000000fb800000)
  from space 30208K, 99% used [0x00000000fb800000,0x00000000fd544c50,0x00000000fd580000)
  to   space 39424K, 0% used [0x00000000fd980000,0x00000000fd980000,0x0000000100000000)
 ParOldGen       total 210944K, used 99715K [0x00000000e0000000, 0x00000000ece00000, 0x00000000f5580000)
  object space 210944K, 47% used [0x00000000e0000000,0x00000000e6160ec8,0x00000000ece00000)
 Metaspace       used 99157K, capacity 106526K, committed 106648K, reserved 1140736K
  class space    used 13179K, capacity 14702K, committed 14744K, reserved 1048576K
}

