# JRE version: OpenJDK Runtime Environment (8.0_282-b08) (build 1.8.0_282-b08)
# Java VM: OpenJDK 64-Bit Server VM (25.282-b08 mixed mode windows-amd64 compressed oops)
Heap:
 PSYoungGen      total 145920K, used 59766K [0x00000000f5580000, 0x00000000ffc00000, 0x0000000100000000)
  eden space 125440K, 39% used [0x00000000f5580000,0x00000000f861d828,0x00000000fd000000)
  from space 20480K, 48% used [0x00000000fe800000,0x00000000ff1c0128,0x00000000ffc00000)
  to   space 22528K, 0% used [0x00000000fd000000,0x00000000fd000000,0x00000000fe600000)
 ParOldGen       total 349696K, used 210584K [0x00000000e0000000, 0x00000000f5580000, 0x00000000f5580000)
  object space 349696K, 60% used [0x00000000e0000000,0x00000000ecda6108,0x00000000f5580000)
 Metaspace       used 127963K, capacity 137579K, committed 137856K, reserved 1169408K
  class space    used 16767K, capacity 18779K, committed 18816K, reserved 1048576K
GC Heap History (10 events):
Event: 10437.718 GC heap before
{Heap before GC invocations=55 (full 5):
 PSYoungGen      total 144384K, used 126148K [0x00000000f5580000, 0x00000000ffd80000, 0x0000000100000000)
  eden space 115200K, 100% used [0x00000000f5580000,0x00000000fc600000,0x00000000fc600000)
  from space 29184K, 37% used [0x00000000fc600000,0x00000000fd0b1238,0x00000000fe280000)
  to   space 27648K, 0% used [0x00000000fe280000,0x00000000fe280000,0x00000000ffd80000)
 ParOldGen       total 349696K, used 177203K [0x00000000e0000000, 0x00000000f5580000, 0x00000000f5580000)
  object space 349696K, 50% used [0x00000000e0000000,0x00000000ead0cdf0,0x00000000f5580000)
 Metaspace       used 127556K, capacity 137213K, committed 137344K, reserved 1167360K
  class space    used 16744K, capacity 18764K, committed 18816K, reserved 1048576K
Event: 10437.949 GC heap after
Heap after GC invocations=55 (full 5):
 PSYoungGen      total 144384K, used 6658K [0x00000000f5580000, 0x00000000ffc80000, 0x0000000100000000)
  eden space 117760K, 0% used [0x00000000f5580000,0x00000000f5580000,0x00000000fc880000)
  from space 26624K, 25% used [0x00000000fe280000,0x00000000fe900850,0x00000000ffc80000)
  to   space 26624K, 0% used [0x00000000fc880000,0x00000000fc880000,0x00000000fe280000)
 ParOldGen       total 349696K, used 182542K [0x00000000e0000000, 0x00000000f5580000, 0x00000000f5580000)
  object space 349696K, 52% used [0x00000000e0000000,0x00000000eb2438a8,0x00000000f5580000)
 Metaspace       used 127556K, capacity 137213K, committed 137344K, reserved 1167360K
  class space    used 16744K, capacity 18764K, committed 18816K, reserved 1048576K
}
Event: 10440.912 GC heap before
{Heap before GC invocations=56 (full 5):
 PSYoungGen      total 144384K, used 124418K [0x00000000f5580000, 0x00000000ffc80000, 0x0000000100000000)
  eden space 117760K, 100% used [0x00000000f5580000,0x00000000fc880000,0x00000000fc880000)
  from space 26624K, 25% used [0x00000000fe280000,0x00000000fe900850,0x00000000ffc80000)
  to   space 26624K, 0% used [0x00000000fc880000,0x00000000fc880000,0x00000000fe280000)
 ParOldGen       total 349696K, used 182542K [0x00000000e0000000, 0x00000000f5580000, 0x00000000f5580000)
  object space 349696K, 52% used [0x00000000e0000000,0x00000000eb2438a8,0x00000000f5580000)
 Metaspace       used 127707K, capacity 137293K, committed 137344K, reserved 1167360K
  class space    used 16749K, capacity 18766K, committed 18816K, reserved 1048576K
Event: 10441.349 GC heap after
Heap after GC invocations=56 (full 5):
 PSYoungGen      total 144384K, used 14389K [0x00000000f5580000, 0x0000000100000000, 0x0000000100000000)
  eden space 117760K, 0% used [0x00000000f5580000,0x00000000f5580000,0x00000000fc880000)
  from space 26624K, 54% used [0x00000000fc880000,0x00000000fd68d788,0x00000000fe280000)
  to   space 26624K, 0% used [0x00000000fe600000,0x00000000fe600000,0x0000000100000000)
 ParOldGen       total 349696K, used 186100K [0x00000000e0000000, 0x00000000f5580000, 0x00000000f5580000)
  object space 349696K, 53% used [0x00000000e0000000,0x00000000eb5bd060,0x00000000f5580000)
 Metaspace       used 127707K, capacity 137293K, committed 137344K, reserved 1167360K
  class space    used 16749K, capacity 18766K, committed 18816K, reserved 1048576K
}
Event: 10445.864 GC heap before
{Heap before GC invocations=57 (full 5):
 PSYoungGen      total 144384K, used 132149K [0x00000000f5580000, 0x0000000100000000, 0x0000000100000000)
  eden space 117760K, 100% used [0x00000000f5580000,0x00000000fc880000,0x00000000fc880000)
  from space 26624K, 54% used [0x00000000fc880000,0x00000000fd68d788,0x00000000fe280000)
  to   space 26624K, 0% used [0x00000000fe600000,0x00000000fe600000,0x0000000100000000)
 ParOldGen       total 349696K, used 186100K [0x00000000e0000000, 0x00000000f5580000, 0x00000000f5580000)
  object space 349696K, 53% used [0x00000000e0000000,0x00000000eb5bd060,0x00000000f5580000)
 Metaspace       used 127791K, capacity 137377K, committed 137600K, reserved 1167360K
  class space    used 16758K, capacity 18770K, committed 18816K, reserved 1048576K
Event: 10446.542 GC heap after
Heap after GC invocations=57 (full 5):
 PSYoungGen      total 144896K, used 9512K [0x00000000f5580000, 0x00000000ffd00000, 0x0000000100000000)
  eden space 121344K, 0% used [0x00000000f5580000,0x00000000f5580000,0x00000000fcc00000)
  from space 23552K, 40% used [0x00000000fe600000,0x00000000fef4a278,0x00000000ffd00000)
  to   space 25088K, 0% used [0x00000000fcc00000,0x00000000fcc00000,0x00000000fe480000)
 ParOldGen       total 349696K, used 198917K [0x00000000e0000000, 0x00000000f5580000, 0x00000000f5580000)
  object space 349696K, 56% used [0x00000000e0000000,0x00000000ec2414d0,0x00000000f5580000)
 Metaspace       used 127791K, capacity 137377K, committed 137600K, reserved 1167360K
  class space    used 16758K, capacity 18770K, committed 18816K, reserved 1048576K
}
Event: 10450.056 GC heap before
{Heap before GC invocations=58 (full 5):
 PSYoungGen      total 144896K, used 130856K [0x00000000f5580000, 0x00000000ffd00000, 0x0000000100000000)
  eden space 121344K, 100% used [0x00000000f5580000,0x00000000fcc00000,0x00000000fcc00000)
  from space 23552K, 40% used [0x00000000fe600000,0x00000000fef4a278,0x00000000ffd00000)
  to   space 25088K, 0% used [0x00000000fcc00000,0x00000000fcc00000,0x00000000fe480000)
 ParOldGen       total 349696K, used 198917K [0x00000000e0000000, 0x00000000f5580000, 0x00000000f5580000)
  object space 349696K, 56% used [0x00000000e0000000,0x00000000ec2414d0,0x00000000f5580000)
 Metaspace       used 127874K, capacity 137505K, committed 137600K, reserved 1167360K
  class space    used 16767K, capacity 18778K, committed 18816K, reserved 1048576K
Event: 10450.253 GC heap after
Heap after GC invocations=58 (full 5):
 PSYoungGen      total 146432K, used 8823K [0x00000000f5580000, 0x00000000fff80000, 0x0000000100000000)
  eden space 121344K, 0% used [0x00000000f5580000,0x00000000f5580000,0x00000000fcc00000)
  from space 25088K, 35% used [0x00000000fcc00000,0x00000000fd49ddb0,0x00000000fe480000)
  to   space 24064K, 0% used [0x00000000fe800000,0x00000000fe800000,0x00000000fff80000)
 ParOldGen       total 349696K, used 204405K [0x00000000e0000000, 0x00000000f5580000, 0x00000000f5580000)
  object space 349696K, 58% used [0x00000000e0000000,0x00000000ec79d4c8,0x00000000f5580000)
 Metaspace       used 127874K, capacity 137505K, committed 137600K, reserved 1167360K
  class space    used 16767K, capacity 18778K, committed 18816K, reserved 1048576K
}
Event: 10452.541 GC heap before
{Heap before GC invocations=59 (full 5):
 PSYoungGen      total 146432K, used 130167K [0x00000000f5580000, 0x00000000fff80000, 0x0000000100000000)
  eden space 121344K, 100% used [0x00000000f5580000,0x00000000fcc00000,0x00000000fcc00000)
  from space 25088K, 35% used [0x00000000fcc00000,0x00000000fd49ddb0,0x00000000fe480000)
  to   space 24064K, 0% used [0x00000000fe800000,0x00000000fe800000,0x00000000fff80000)
 ParOldGen       total 349696K, used 204405K [0x00000000e0000000, 0x00000000f5580000, 0x00000000f5580000)
  object space 349696K, 58% used [0x00000000e0000000,0x00000000ec79d4c8,0x00000000f5580000)
 Metaspace       used 127904K, capacity 137575K, committed 137856K, reserved 1169408K
  class space    used 16767K, capacity 18779K, committed 18816K, reserved 1048576K
Event: 10452.682 GC heap after
Heap after GC invocations=59 (full 5):
 PSYoungGen      total 145920K, used 9984K [0x00000000f5580000, 0x00000000ffc00000, 0x0000000100000000)
  eden space 125440K, 0% used [0x00000000f5580000,0x00000000f5580000,0x00000000fd000000)
  from space 20480K, 48% used [0x00000000fe800000,0x00000000ff1c0128,0x00000000ffc00000)
  to   space 22528K, 0% used [0x00000000fd000000,0x00000000fd000000,0x00000000fe600000)
 ParOldGen       total 349696K, used 210584K [0x00000000e0000000, 0x00000000f5580000, 0x00000000f5580000)
  object space 349696K, 60% used [0x00000000e0000000,0x00000000ecda6108,0x00000000f5580000)
 Metaspace       used 127904K, capacity 137575K, committed 137856K, reserved 1169408K
  class space    used 16767K, capacity 18779K, committed 18816K, reserved 1048576K
}

